CRITICAL - 2024-07-24 17:46:00 --> ParseError: syntax error, unexpected end of file
[Method: GET, Route: home]
in APPPATH/Config/Routes.php on line 10.
 1 SYSTEMPATH/CodeIgniter.php(823): CodeIgniter\Router\RouteCollection->loadRoutes()
 2 SYSTEMPATH/CodeIgniter.php(457): CodeIgniter\CodeIgniter->tryToRouteIt(null)
 3 SYSTEMPATH/CodeIgniter.php(355): CodeIgniter\CodeIgniter->handleRequest(null, Object(Config\Cache), false)
 4 SYSTEMPATH/Boot.php(325): CodeIgniter\CodeIgniter->run()
 5 SYSTEMPATH/Boot.php(67): CodeIgniter\Boot::runCodeIgniter(Object(CodeIgniter\CodeIgniter))
 6 FCPATH/index.php(56): CodeIgniter\Boot::bootWeb(Object(Config\Paths))
CRITICAL - 2024-07-24 19:06:29 --> ErrorException: Undefined array key "id"
[Method: GET, Route: home]
in APPPATH/Views/home.php on line 250.
 1 APPPATH/Views/home.php(250): CodeIgniter\Debug\Exceptions->errorHandler(2, 'Undefined array key "id"', '/var/www/public/app/Views/home.php', 250)
 2 SYSTEMPATH/View/View.php(234): include('/var/www/public/app/Views/home.php')
 3 SYSTEMPATH/View/View.php(237): CodeIgniter\View\View->CodeIgniter\View\{closure}()
 4 SYSTEMPATH/Common.php(1171): CodeIgniter\View\View->render('home', [], true)
 5 APPPATH/Controllers/Home.php(21): view('home', [...])
 6 SYSTEMPATH/CodeIgniter.php(933): App\Controllers\Home->index()
 7 SYSTEMPATH/CodeIgniter.php(509): CodeIgniter\CodeIgniter->runController(Object(App\Controllers\Home))
 8 SYSTEMPATH/CodeIgniter.php(355): CodeIgniter\CodeIgniter->handleRequest(null, Object(Config\Cache), false)
 9 SYSTEMPATH/Boot.php(325): CodeIgniter\CodeIgniter->run()
10 SYSTEMPATH/Boot.php(67): CodeIgniter\Boot::runCodeIgniter(Object(CodeIgniter\CodeIgniter))
11 FCPATH/index.php(56): CodeIgniter\Boot::bootWeb(Object(Config\Paths))
CRITICAL - 2024-07-24 19:07:52 --> ErrorException: Undefined array key "title"
[Method: GET, Route: home]
in APPPATH/Views/home.php on line 252.
 1 APPPATH/Views/home.php(252): CodeIgniter\Debug\Exceptions->errorHandler(2, 'Undefined array key "title"', '/var/www/public/app/Views/home.php', 252)
 2 SYSTEMPATH/View/View.php(234): include('/var/www/public/app/Views/home.php')
 3 SYSTEMPATH/View/View.php(237): CodeIgniter\View\View->CodeIgniter\View\{closure}()
 4 SYSTEMPATH/Common.php(1171): CodeIgniter\View\View->render('home', [], true)
 5 APPPATH/Controllers/Home.php(21): view('home', [...])
 6 SYSTEMPATH/CodeIgniter.php(933): App\Controllers\Home->index()
 7 SYSTEMPATH/CodeIgniter.php(509): CodeIgniter\CodeIgniter->runController(Object(App\Controllers\Home))
 8 SYSTEMPATH/CodeIgniter.php(355): CodeIgniter\CodeIgniter->handleRequest(null, Object(Config\Cache), false)
 9 SYSTEMPATH/Boot.php(325): CodeIgniter\CodeIgniter->run()
10 SYSTEMPATH/Boot.php(67): CodeIgniter\Boot::runCodeIgniter(Object(CodeIgniter\CodeIgniter))
11 FCPATH/index.php(56): CodeIgniter\Boot::bootWeb(Object(Config\Paths))
CRITICAL - 2024-07-24 19:08:00 --> ErrorException: Undefined array key "id"
[Method: GET, Route: home]
in APPPATH/Views/home.php on line 250.
 1 APPPATH/Views/home.php(250): CodeIgniter\Debug\Exceptions->errorHandler(2, 'Undefined array key "id"', '/var/www/public/app/Views/home.php', 250)
 2 SYSTEMPATH/View/View.php(234): include('/var/www/public/app/Views/home.php')
 3 SYSTEMPATH/View/View.php(237): CodeIgniter\View\View->CodeIgniter\View\{closure}()
 4 SYSTEMPATH/Common.php(1171): CodeIgniter\View\View->render('home', [], true)
 5 APPPATH/Controllers/Home.php(21): view('home', [...])
 6 SYSTEMPATH/CodeIgniter.php(933): App\Controllers\Home->index()
 7 SYSTEMPATH/CodeIgniter.php(509): CodeIgniter\CodeIgniter->runController(Object(App\Controllers\Home))
 8 SYSTEMPATH/CodeIgniter.php(355): CodeIgniter\CodeIgniter->handleRequest(null, Object(Config\Cache), false)
 9 SYSTEMPATH/Boot.php(325): CodeIgniter\CodeIgniter->run()
10 SYSTEMPATH/Boot.php(67): CodeIgniter\Boot::runCodeIgniter(Object(CodeIgniter\CodeIgniter))
11 FCPATH/index.php(56): CodeIgniter\Boot::bootWeb(Object(Config\Paths))
CRITICAL - 2024-07-24 19:11:27 --> ErrorException: Undefined array key "id"
[Method: GET, Route: home]
in APPPATH/Views/home.php on line 250.
 1 APPPATH/Views/home.php(250): CodeIgniter\Debug\Exceptions->errorHandler(2, 'Undefined array key "id"', '/var/www/public/app/Views/home.php', 250)
 2 SYSTEMPATH/View/View.php(234): include('/var/www/public/app/Views/home.php')
 3 SYSTEMPATH/View/View.php(237): CodeIgniter\View\View->CodeIgniter\View\{closure}()
 4 SYSTEMPATH/Common.php(1171): CodeIgniter\View\View->render('home', [], true)
 5 APPPATH/Controllers/Home.php(24): view('home', [...])
 6 SYSTEMPATH/CodeIgniter.php(933): App\Controllers\Home->index()
 7 SYSTEMPATH/CodeIgniter.php(509): CodeIgniter\CodeIgniter->runController(Object(App\Controllers\Home))
 8 SYSTEMPATH/CodeIgniter.php(355): CodeIgniter\CodeIgniter->handleRequest(null, Object(Config\Cache), false)
 9 SYSTEMPATH/Boot.php(325): CodeIgniter\CodeIgniter->run()
10 SYSTEMPATH/Boot.php(67): CodeIgniter\Boot::runCodeIgniter(Object(CodeIgniter\CodeIgniter))
11 FCPATH/index.php(56): CodeIgniter\Boot::bootWeb(Object(Config\Paths))
CRITICAL - 2024-07-24 19:12:12 --> ErrorException: Undefined array key "id"
[Method: GET, Route: home]
in APPPATH/Views/home.php on line 250.
 1 APPPATH/Views/home.php(250): CodeIgniter\Debug\Exceptions->errorHandler(2, 'Undefined array key "id"', '/var/www/public/app/Views/home.php', 250)
 2 SYSTEMPATH/View/View.php(234): include('/var/www/public/app/Views/home.php')
 3 SYSTEMPATH/View/View.php(237): CodeIgniter\View\View->CodeIgniter\View\{closure}()
 4 SYSTEMPATH/Common.php(1171): CodeIgniter\View\View->render('home', [], true)
 5 APPPATH/Controllers/Home.php(24): view('home', [...])
 6 SYSTEMPATH/CodeIgniter.php(933): App\Controllers\Home->index()
 7 SYSTEMPATH/CodeIgniter.php(509): CodeIgniter\CodeIgniter->runController(Object(App\Controllers\Home))
 8 SYSTEMPATH/CodeIgniter.php(355): CodeIgniter\CodeIgniter->handleRequest(null, Object(Config\Cache), false)
 9 SYSTEMPATH/Boot.php(325): CodeIgniter\CodeIgniter->run()
10 SYSTEMPATH/Boot.php(67): CodeIgniter\Boot::runCodeIgniter(Object(CodeIgniter\CodeIgniter))
11 FCPATH/index.php(56): CodeIgniter\Boot::bootWeb(Object(Config\Paths))
CRITICAL - 2024-07-24 19:19:27 --> ErrorException: Undefined array key 0
[Method: GET, Route: home]
in APPPATH/Views/home.php on line 252.
 1 APPPATH/Views/home.php(252): CodeIgniter\Debug\Exceptions->errorHandler(2, 'Undefined array key 0', '/var/www/public/app/Views/home.php', 252)
 2 SYSTEMPATH/View/View.php(234): include('/var/www/public/app/Views/home.php')
 3 SYSTEMPATH/View/View.php(237): CodeIgniter\View\View->CodeIgniter\View\{closure}()
 4 SYSTEMPATH/Common.php(1171): CodeIgniter\View\View->render('home', [], true)
 5 APPPATH/Controllers/Home.php(24): view('home', [...])
 6 SYSTEMPATH/CodeIgniter.php(933): App\Controllers\Home->index()
 7 SYSTEMPATH/CodeIgniter.php(509): CodeIgniter\CodeIgniter->runController(Object(App\Controllers\Home))
 8 SYSTEMPATH/CodeIgniter.php(355): CodeIgniter\CodeIgniter->handleRequest(null, Object(Config\Cache), false)
 9 SYSTEMPATH/Boot.php(325): CodeIgniter\CodeIgniter->run()
10 SYSTEMPATH/Boot.php(67): CodeIgniter\Boot::runCodeIgniter(Object(CodeIgniter\CodeIgniter))
11 FCPATH/index.php(56): CodeIgniter\Boot::bootWeb(Object(Config\Paths))
